<?xml version="1.0" encoding="UTF-8"?>
<!-- Generated by org.testng.reporters.JUnitReportReporter -->
<testsuite skipped="0" hostname="DESKTOP-G1B43SG" name="inetBankingv1.testcases.TC_LoginTest_001" tests="1" failures="0" timestamp="02 Feb 2020 18:05:48 GMT" time="5.380" errors="0">
  <testcase name="loginTest" time="5.380" classname="inetBankingv1.testcases.TC_LoginTest_001"/>
</testsuite> <!-- inetBankingv1.testcases.TC_LoginTest_001 -->
