<?xml version="1.0" encoding="UTF-8"?>
<!-- Generated by org.testng.reporters.JUnitReportReporter -->
<testsuite skipped="0" hostname="DESKTOP-G1B43SG" name="inetBankingv1.testcases.Tc_LoginDDT_002" tests="2" failures="0" timestamp="02 Feb 2020 18:05:48 GMT" time="12.139" errors="0">
  <testcase name="LoginDDT" time="6.524" classname="inetBankingv1.testcases.Tc_LoginDDT_002"/>
  <testcase name="LoginDDT" time="5.615" classname="inetBankingv1.testcases.Tc_LoginDDT_002"/>
</testsuite> <!-- inetBankingv1.testcases.Tc_LoginDDT_002 -->
