<?xml version="1.0" encoding="UTF-8"?>
<!-- Generated by org.testng.reporters.JUnitReportReporter -->
<testsuite skipped="0" hostname="DESKTOP-G1B43SG" name="inetBankingv1.testcases.TC_LoginTest_001" tests="1" failures="0" timestamp="03 Feb 2020 01:16:02 GMT" time="8.482" errors="0">
  <testcase name="loginTest" time="8.482" classname="inetBankingv1.testcases.TC_LoginTest_001"/>
</testsuite> <!-- inetBankingv1.testcases.TC_LoginTest_001 -->
