<?xml version="1.0" encoding="UTF-8"?>
<!-- Generated by org.testng.reporters.JUnitReportReporter -->
<testsuite skipped="0" hostname="DESKTOP-G1B43SG" name="inetBankingv1.testcases.Tc_LoginDDT_002" tests="2" failures="0" timestamp="03 Feb 2020 01:16:02 GMT" time="18.384" errors="0">
  <testcase name="LoginDDT" time="9.211" classname="inetBankingv1.testcases.Tc_LoginDDT_002"/>
  <testcase name="LoginDDT" time="9.173" classname="inetBankingv1.testcases.Tc_LoginDDT_002"/>
</testsuite> <!-- inetBankingv1.testcases.Tc_LoginDDT_002 -->
