<?xml version="1.0" encoding="UTF-8"?>
<!-- Generated by org.testng.reporters.JUnitReportReporter -->
<testsuite skipped="0" hostname="DESKTOP-G1B43SG" name="inetBankingv1.testcases.Newcustomertestcase" tests="1" failures="0" timestamp="03 Feb 2020 01:16:02 GMT" time="21.151" errors="0">
  <testcase name="Newcustomertest" time="21.151" classname="inetBankingv1.testcases.Newcustomertestcase"/>
</testsuite> <!-- inetBankingv1.testcases.Newcustomertestcase -->
